Using pre-set license
Built from '2020.3/staging' branch; Version is '2020.3.14f1 (d0d1bb862f9d) revision 13685179'; Using compiler version '192528614'; Build Type 'Release'
OS: 'Windows 10 Home Single Language; OS build 22621.1344; Version 2009; 64bit' Language: 'en' Physical Memory: 16122 MB
BatchMode: 1, IsHumanControllingUs: 0, StartBugReporterOnCrash: 0, Is64bit: 1, IsPro: 0

 COMMAND LINE ARGUMENTS:
D:\Unity Hub\Hub\2020.3.14f1\Editor\Unity.exe
-adb2
-batchMode
-noUpm
-name
AssetImportWorker0
-projectPath
D:/Unity/UDEMY MultiplayerVR Template
-logFile
Logs/AssetImportWorker0.log
-srvPort
61159
Successfully changed project path to: D:/Unity/UDEMY MultiplayerVR Template
D:/Unity/UDEMY MultiplayerVR Template
Using Asset Import Pipeline V2.
Refreshing native plugins compatible for Editor in 79.83 ms, found 13 plugins.
Preloading 1 native plugins for Editor in 3.36 ms.
Initialize engine version: 2020.3.14f1 (d0d1bb862f9d)
[Subsystems] Discovering subsystems at path D:/Unity Hub/Hub/2020.3.14f1/Editor/Data/Resources/UnitySubsystems
[Subsystems] Discovering subsystems at path D:/Unity/UDEMY MultiplayerVR Template/Assets
GfxDevice: creating device client; threaded=0
Direct3D:
    Version:  Direct3D 11.0 [level 11.1]
    Renderer: NVIDIA GeForce MX450 (ID=0x1f97)
    Vendor:   
    VRAM:     1920 MB
    Driver:   31.0.15.3118
Initialize mono
Mono path[0] = 'D:/Unity Hub/Hub/2020.3.14f1/Editor/Data/Managed'
Mono path[1] = 'D:/Unity Hub/Hub/2020.3.14f1/Editor/Data/MonoBleedingEdge/lib/mono/unityjit'
Mono config path = 'D:/Unity Hub/Hub/2020.3.14f1/Editor/Data/MonoBleedingEdge/etc'
Using monoOptions --debugger-agent=transport=dt_socket,embedding=1,server=y,suspend=n,address=127.0.0.1:56668
Begin MonoManager ReloadAssembly
Registering precompiled unity dll's ...
Register platform support module: D:/Unity Hub/Hub/2020.3.14f1/Editor/Data/PlaybackEngines/WindowsStandaloneSupport/UnityEditor.WindowsStandalone.Extensions.dll
Registered in 0.001133 seconds.
Native extension for WindowsStandalone target not found
Refreshing native plugins compatible for Editor in 53.97 ms, found 13 plugins.
Preloading 1 native plugins for Editor in 0.06 ms.
Mono: successfully reloaded assembly
- Completed reload, in  0.940 seconds
Domain Reload Profiling:
	ReloadAssembly (940ms)
		BeginReloadAssembly (57ms)
			ExecutionOrderSort (0ms)
			DisableScriptedObjects (0ms)
			BackupInstance (0ms)
			ReleaseScriptingObjects (0ms)
			CreateAndSetChildDomain (1ms)
		EndReloadAssembly (421ms)
			LoadAssemblies (56ms)
			RebuildTransferFunctionScriptingTraits (0ms)
			SetupTypeCache (146ms)
			ReleaseScriptCaches (0ms)
			RebuildScriptCaches (27ms)
			SetupLoadedEditorAssemblies (177ms)
				LogAssemblyErrors (0ms)
				InitializePlatformSupportModulesInManaged (4ms)
				SetLoadedEditorAssemblies (0ms)
				RefreshPlugins (54ms)
				BeforeProcessingInitializeOnLoad (7ms)
				ProcessInitializeOnLoadAttributes (83ms)
				ProcessInitializeOnLoadMethodAttributes (29ms)
				AfterProcessingInitializeOnLoad (0ms)
				EditorAssembliesLoaded (0ms)
			ExecutionOrderSort2 (0ms)
			AwakeInstancesAfterBackupRestoration (0ms)
Platform modules already initialized, skipping
Registering precompiled user dll's ...
Registered in 0.014927 seconds.
Begin MonoManager ReloadAssembly
Native extension for WindowsStandalone target not found
Refreshing native plugins compatible for Editor in 64.76 ms, found 13 plugins.
Preloading 1 native plugins for Editor in 0.06 ms.
[XR] OculusXRPlugin: registering subsystems
[XR] Unable to register display lifecyle provider: [1]
[XR] Oculus Input lifecycle provider registered.
[XR] Unable to register input lifecyle provider: [1]
System.Reflection.TargetInvocationException: Exception has been thrown by the target of an invocation. ---> System.NullReferenceException: Object reference not set to an instance of an object
  at Unity.XR.Oculus.OculusLoader.AssetPathToAbsolutePath (System.String assetPath) [0x00048] in C:\Users\IRONHEAD\Desktop\Unity Projects\UDEMY MultiplayerVR Template\Library\PackageCache\com.unity.xr.oculus@1.9.1\Runtime\OculusLoader.cs:249 
  at Unity.XR.Oculus.OculusLoader.EditorLoadOVRPlugin () [0x0007b] in C:\Users\IRONHEAD\Desktop\Unity Projects\UDEMY MultiplayerVR Template\Library\PackageCache\com.unity.xr.oculus@1.9.1\Runtime\OculusLoader.cs:234 
  at (wrapper managed-to-native) System.Reflection.MonoMethod.InternalInvoke(System.Reflection.MonoMethod,object,object[],System.Exception&)
  at System.Reflection.MonoMethod.Invoke (System.Object obj, System.Reflection.BindingFlags invokeAttr, System.Reflection.Binder binder, System.Object[] parameters, System.Globalization.CultureInfo culture) [0x00032] in <695d1cc93cca45069c528c15c9fdd749>:0 
   --- End of inner exception stack trace ---
  at System.Reflection.MonoMethod.Invoke (System.Object obj, System.Reflection.BindingFlags invokeAttr, System.Reflection.Binder binder, System.Object[] parameters, System.Globalization.CultureInfo culture) [0x00048] in <695d1cc93cca45069c528c15c9fdd749>:0 
  at System.Reflection.MethodBase.Invoke (System.Object obj, System.Object[] parameters) [0x00000] in <695d1cc93cca45069c528c15c9fdd749>:0 
  at UnityEditor.EditorAssemblies.ProcessInitializeOnLoadMethodAttributes () [0x00047] in <25e9afc147634a5ca855ab83fab425dd>:0 
UnityEngine.StackTraceUtility:ExtractStackTrace ()
UnityEngine.DebugLogHandler:LogFormat (UnityEngine.LogType,UnityEngine.Object,string,object[])
UnityEngine.Logger:Log (UnityEngine.LogType,object)
UnityEngine.Debug:LogError (object)
UnityEditor.EditorAssemblies:ProcessInitializeOnLoadMethodAttributes ()

Mono: successfully reloaded assembly
- Completed reload, in  1.306 seconds
Domain Reload Profiling:
	ReloadAssembly (1307ms)
		BeginReloadAssembly (136ms)
			ExecutionOrderSort (0ms)
			DisableScriptedObjects (5ms)
			BackupInstance (0ms)
			ReleaseScriptingObjects (0ms)
			CreateAndSetChildDomain (21ms)
		EndReloadAssembly (1113ms)
			LoadAssemblies (93ms)
			RebuildTransferFunctionScriptingTraits (0ms)
			SetupTypeCache (300ms)
			ReleaseScriptCaches (1ms)
			RebuildScriptCaches (60ms)
			SetupLoadedEditorAssemblies (491ms)
				LogAssemblyErrors (0ms)
				InitializePlatformSupportModulesInManaged (3ms)
				SetLoadedEditorAssemblies (0ms)
				RefreshPlugins (65ms)
				BeforeProcessingInitializeOnLoad (65ms)
				ProcessInitializeOnLoadAttributes (336ms)
				ProcessInitializeOnLoadMethodAttributes (20ms)
				AfterProcessingInitializeOnLoad (2ms)
				EditorAssembliesLoaded (0ms)
			ExecutionOrderSort2 (0ms)
			AwakeInstancesAfterBackupRestoration (5ms)
Platform modules already initialized, skipping
========================================================================
Worker process is ready to serve import requests
Launched and connected shader compiler UnityShaderCompiler.exe after 0.05 seconds
Refreshing native plugins compatible for Editor in 1.24 ms, found 13 plugins.
Preloading 1 native plugins for Editor in 0.11 ms.
Unloading 2474 Unused Serialized files (Serialized files now loaded: 0)
System memory in use before: 107.0 MB.
System memory in use after: 107.0 MB.

Unloading 79 unused Assets to reduce memory usage. Loaded Objects now: 2916.
Total: 3.681700 ms (FindLiveObjects: 0.519300 ms CreateObjectMapping: 0.205400 ms MarkObjects: 2.821700 ms  DeleteObjects: 0.133100 ms)

AssetImportParameters requested are different than current active one (requested -> active):
  custom:framework-win-MediaFoundation: 216162199b28c13a410421893ffa2e32 -> 
  custom:video-decoder-ogg-theora: a1e56fd34408186e4bbccfd4996cb3dc -> 
  custom:container-muxer-webm: aa71ff27fc2769a1b78a27578f13a17b -> 
  custom:container-demuxer-webm: 4f35f7cbe854078d1ac9338744f61a02 -> 
  custom:container-demuxer-ogg: 62fdf1f143b41e24485cea50d1cbac27 -> 
  custom:video-encoder-webm-vp8: eb34c28f22e8b96e1ab97ce403110664 -> 
  custom:video-codec-MediaFoundation-h265: 746d11721c4dcdbdad8f713fa42b33f4 -> 
  custom:video-decoder-webm-vp8: 9c59270c3fd7afecdb556c50c9e8de78 -> 
  custom:audio-decoder-ogg-vorbis: bf7c407c2cedff20999df2af8eb42d56 -> 
  custom:audio-encoder-webm-vorbis: bf7c407c2cedff20999df2af8eb42d56 -> 
========================================================================
Received Import Request.
  path: Assets/IRONHEAD Games/Scenes/World_School.unity
  artifactKey: Guid(b72244336204212439510723e69fa9f9) Importer(815301076,1909f56bfc062723c751e8b465ee728b)
Start importing Assets/IRONHEAD Games/Scenes/World_School.unity using Guid(b72244336204212439510723e69fa9f9) Importer(815301076,1909f56bfc062723c751e8b465ee728b)  -> (artifact id: '35e002501eb8d8987b65e2c26a2eddb6') in 0.017109 seconds 
  Import took 0.022126 seconds .

========================================================================
Received Import Request.
  Time since last request: 4734.736221 seconds.
  path: Assets/IRONHEAD Games/Model/plant.fbx
  artifactKey: Guid(f7dab50787cc4634bb4b5eb5894edcbe) Importer(815301076,1909f56bfc062723c751e8b465ee728b)
Start importing Assets/IRONHEAD Games/Model/plant.fbx using Guid(f7dab50787cc4634bb4b5eb5894edcbe) Importer(815301076,1909f56bfc062723c751e8b465ee728b)  -> (artifact id: 'a633aa5c0c55ec9c7bb920b990144e0b') in 0.254420 seconds 
  Import took 0.308445 seconds .

========================================================================
Received Import Request.
  Time since last request: 231.679860 seconds.
  path: Assets/IRONHEAD Games/Materials/lecturer.mat
  artifactKey: Guid(dc7d75f7d866ebe40b3aece88420049b) Importer(815301076,1909f56bfc062723c751e8b465ee728b)
Start importing Assets/IRONHEAD Games/Materials/lecturer.mat using Guid(dc7d75f7d866ebe40b3aece88420049b) Importer(815301076,1909f56bfc062723c751e8b465ee728b)  -> (artifact id: '57927aa25ccceaf96e9699584e259417') in 0.013765 seconds 
  Import took 0.017946 seconds .

========================================================================
Received Import Request.
  Time since last request: 0.040490 seconds.
  path: Assets/IRONHEAD Games/Materials/lecturer.mat
  artifactKey: Guid(dc7d75f7d866ebe40b3aece88420049b) Importer(815301076,1909f56bfc062723c751e8b465ee728b)
Start importing Assets/IRONHEAD Games/Materials/lecturer.mat using Guid(dc7d75f7d866ebe40b3aece88420049b) Importer(815301076,1909f56bfc062723c751e8b465ee728b)  -> (artifact id: '57927aa25ccceaf96e9699584e259417') in 0.014713 seconds 
  Import took 0.018457 seconds .

========================================================================
Received Import Request.
  Time since last request: 792.707306 seconds.
  path: Assets/IRONHEAD Games/Model/bottle.fbx
  artifactKey: Guid(f3d7c0336679ade409a4997d998d7586) Importer(815301076,1909f56bfc062723c751e8b465ee728b)
Start importing Assets/IRONHEAD Games/Model/bottle.fbx using Guid(f3d7c0336679ade409a4997d998d7586) Importer(815301076,1909f56bfc062723c751e8b465ee728b)  -> (artifact id: 'd371a52805dfc0dd8b8e3f042b4890a4') in 0.140506 seconds 
  Import took 0.148071 seconds .

========================================================================
Received Import Request.
  Time since last request: 123.759513 seconds.
  path: Assets/IRONHEAD Games/Model/bottle.fbx
  artifactKey: Guid(f3d7c0336679ade409a4997d998d7586) Importer(815301076,1909f56bfc062723c751e8b465ee728b)
Start importing Assets/IRONHEAD Games/Model/bottle.fbx using Guid(f3d7c0336679ade409a4997d998d7586) Importer(815301076,1909f56bfc062723c751e8b465ee728b)  -> (artifact id: 'd1dbcfc72c6575edea42050ddba56b72') in 0.117180 seconds 
  Import took 0.121505 seconds .

========================================================================
Received Import Request.
  Time since last request: 0.033882 seconds.
  path: Assets/IRONHEAD Games/Model/bottle.fbx
  artifactKey: Guid(f3d7c0336679ade409a4997d998d7586) Importer(815301076,1909f56bfc062723c751e8b465ee728b)
Start importing Assets/IRONHEAD Games/Model/bottle.fbx using Guid(f3d7c0336679ade409a4997d998d7586) Importer(815301076,1909f56bfc062723c751e8b465ee728b)  -> (artifact id: 'd1dbcfc72c6575edea42050ddba56b72') in 0.078584 seconds 
  Import took 0.082326 seconds .

